<?xml version="1.0" encoding="UTF-8"?>
<testsuite name="CSVFileReaderTest" tests="4" skipped="0" failures="0" errors="0" timestamp="2017-04-03T13:24:25" hostname="DESKTOP-54KQDQ8" time="0.015">
  <properties/>
  <testcase name="testReadFromValidInputFile" classname="CSVFileReaderTest" time="0.013"/>
  <testcase name="testReadInvalidFile" classname="CSVFileReaderTest" time="0.001"/>
  <testcase name="testFromPercentageToDoubleWithValidValue" classname="CSVFileReaderTest" time="0.0"/>
  <testcase name="testFromPercentageToDoubleWithInvalidValue" classname="CSVFileReaderTest" time="0.001"/>
  <system-out><![CDATA[]]></system-out>
  <system-err><![CDATA[]]></system-err>
</testsuite>
