<?xml version="1.0" encoding="UTF-8"?>
<testsuite name="TaxItemTest" tests="1" skipped="0" failures="0" errors="0" timestamp="2017-04-03T12:24:51" hostname="DESKTOP-54KQDQ8" time="0.0">
  <properties/>
  <testcase name="testDerivedTaxItem" classname="TaxItemTest" time="0.0"/>
  <system-out><![CDATA[]]></system-out>
  <system-err><![CDATA[]]></system-err>
</testsuite>
