<?xml version="1.0" encoding="UTF-8"?>
<testsuite name="CSVFileReaderTest" tests="4" skipped="0" failures="0" errors="0" timestamp="2017-04-02T14:56:27" hostname="DESKTOP-54KQDQ8" time="0.014">
  <properties/>
  <testcase name="testReadInvalidFile" classname="CSVFileReaderTest" time="0.006"/>
  <testcase name="testFromPercentageToDoubleWithValidValue" classname="CSVFileReaderTest" time="0.0"/>
  <testcase name="testReadFromValidFile" classname="CSVFileReaderTest" time="0.008"/>
  <testcase name="testFromPercentageToDoubleWithInvalidValue" classname="CSVFileReaderTest" time="0.0"/>
  <system-out><![CDATA[]]></system-out>
  <system-err><![CDATA[]]></system-err>
</testsuite>
