<?xml version="1.0" encoding="UTF-8"?>
<testsuite name="EmployeeTest" tests="3" skipped="0" failures="0" errors="0" timestamp="2017-04-03T13:24:25" hostname="DESKTOP-54KQDQ8" time="0.004">
  <properties/>
  <testcase name="testIfAnnualSalaryIsInvalid" classname="EmployeeTest" time="0.001"/>
  <testcase name="testIfEmployeeInstanceIsCreated" classname="EmployeeTest" time="0.0"/>
  <testcase name="testSuperRateIsInvalid" classname="EmployeeTest" time="0.001"/>
  <system-out><![CDATA[]]></system-out>
  <system-err><![CDATA[]]></system-err>
</testsuite>
