<?xml version="1.0" encoding="UTF-8"?>
<testsuite name="TaxCalculatorTest" tests="2" skipped="0" failures="0" errors="0" timestamp="2017-04-03T12:07:17" hostname="DESKTOP-54KQDQ8" time="0.002">
  <properties/>
  <testcase name="testCalculateTaxableIncome" classname="TaxCalculatorTest" time="0.0"/>
  <testcase name="testWithInvalidAnnualIncome" classname="TaxCalculatorTest" time="0.001"/>
  <system-out><![CDATA[]]></system-out>
  <system-err><![CDATA[]]></system-err>
</testsuite>
